<?xml version="1.0" encoding="UTF-8"?>
<testsuites name="Mocha Tests" time="0.0570" tests="1" failures="0">
  <testsuite name="Root Suite" timestamp="2023-11-22T13:37:16" tests="0" file="cypress\e2e\owl.cy.js" time="0.0000" failures="0">
  </testsuite>
  <testsuite name="Logging TEST Env Variable" timestamp="2023-11-22T13:37:16" tests="1" time="0.0570" failures="0">
    <testcase name="Logging TEST Env Variable Logs the value of TEST" time="0.0570" classname="Logs the value of TEST">
    </testcase>
  </testsuite>
</testsuites>